nohup: ignoring input
---------------------------------------------------------------------------------------------------------
|- input parameters: 2
|- |- 1: /home/ysxiao/irace/experiments/crace-2.11/acotsp/numC/para8_numC1/
|- `- 2: /home/ysxiao/irace/instances/tsp/instances/list_10_52
|- elites_on_instances is running...
|- |- Current dir: /home/ysxiao/irace/experiments/crace-2.11/acotsp/numC/para8_numC1/exp-01
|- |- |- Config 2 is running...
|- |- |- Config 4 is running...
|- |- |- Config 7 is running...
|- |- |- Config 10 is running...
|- |- |- Config 12 is running...
|- |- |- Config 14 is running...
|- |- |- Config 17 is running...
|- |- |- Config 21 is running...
|- |- |- Config 25 is running...
|- |- |- Config 30 is running...
|- |- |- Config 33 is running...
|- |- |- Config 41 is running...
|- |- |- Config 44 is running...
|- |- |- Config 50 is running...
|- |- |- Config 54 is running...
|- |- |- Config 62 is running...
|- |- |- Config 90 is running...
|- |- |- Config 109 is running...
|- |- |- Config 110 is running...
|- |- `- Config 120 is running...
|- |- Current dir: /home/ysxiao/irace/experiments/crace-2.11/acotsp/numC/para8_numC1/exp-02
|- |- |- Config 1 is running...
|- |- |- Config 2 is running...
|- |- |- Config 4 is running...
|- |- |- Config 14 is running...
|- |- |- Config 18 is running...
|- |- |- Config 26 is running...
|- |- |- Config 39 is running...
|- |- |- Config 52 is running...
|- |- |- Config 56 is running...
|- |- |- Config 90 is running...
|- |- |- Config 97 is running...
|- |- |- Config 117 is running...
|- |- |- Config 122 is running...
|- |- |- Config 127 is running...
|- |- |- Config 143 is running...
|- |- |- Config 158 is running...
|- |- |- Config 162 is running...
|- |- |- Config 177 is running...
|- |- |- Config 199 is running...
|- |- `- Config 216 is running...
|- |- Current dir: /home/ysxiao/irace/experiments/crace-2.11/acotsp/numC/para8_numC1/exp-03
|- |- |- Config 2 is running...
|- |- |- Config 5 is running...
|- |- |- Config 11 is running...
|- |- |- Config 14 is running...
|- |- |- Config 15 is running...
|- |- |- Config 19 is running...
|- |- |- Config 23 is running...
|- |- |- Config 26 is running...
|- |- |- Config 40 is running...
|- |- |- Config 45 is running...
|- |- |- Config 49 is running...
|- |- |- Config 55 is running...
|- |- |- Config 61 is running...
|- |- |- Config 102 is running...
|- |- `- Config 109 is running...
|- |- Current dir: /home/ysxiao/irace/experiments/crace-2.11/acotsp/numC/para8_numC1/exp-04
|- |- |- Config 2 is running...
|- |- |- Config 3 is running...
|- |- |- Config 5 is running...
|- |- |- Config 10 is running...
|- |- |- Config 49 is running...
|- |- |- Config 54 is running...
|- |- |- Config 57 is running...
|- |- |- Config 59 is running...
|- |- |- Config 61 is running...
|- |- |- Config 64 is running...
|- |- |- Config 74 is running...
|- |- |- Config 91 is running...
|- |- |- Config 99 is running...
|- |- |- Config 104 is running...
|- |- |- Config 108 is running...
|- |- |- Config 122 is running...
|- |- |- Config 133 is running...
|- |- |- Config 137 is running...
|- |- `- Config 162 is running...
|- |- Current dir: /home/ysxiao/irace/experiments/crace-2.11/acotsp/numC/para8_numC1/exp-05
|- |- |- Config 2 is running...
|- |- |- Config 3 is running...
|- |- |- Config 9 is running...
|- |- |- Config 12 is running...
|- |- |- Config 19 is running...
|- |- |- Config 20 is running...
|- |- |- Config 24 is running...
|- |- |- Config 31 is running...
|- |- |- Config 32 is running...
|- |- |- Config 38 is running...
|- |- |- Config 41 is running...
|- |- |- Config 42 is running...
|- |- |- Config 43 is running...
|- |- |- Config 44 is running...
|- |- |- Config 79 is running...
|- |- |- Config 84 is running...
|- |- |- Config 90 is running...
|- |- |- Config 94 is running...
|- |- |- Config 98 is running...
|- |- |- Config 107 is running...
|- |- |- Config 112 is running...
|- |- `- Config 116 is running...
|- |- Current dir: /home/ysxiao/irace/experiments/crace-2.11/acotsp/numC/para8_numC1/exp-06
|- |- |- Config 1 is running...
|- |- |- Config 2 is running...
|- |- |- Config 103 is running...
|- |- |- Config 111 is running...
|- |- |- Config 115 is running...
|- |- |- Config 122 is running...
|- |- |- Config 123 is running...
|- |- |- Config 124 is running...
|- |- |- Config 129 is running...
|- |- |- Config 134 is running...
|- |- |- Config 135 is running...
|- |- |- Config 136 is running...
|- |- |- Config 140 is running...
|- |- |- Config 141 is running...
|- |- |- Config 142 is running...
|- |- |- Config 143 is running...
|- |- |- Config 144 is running...
|- |- |- Config 145 is running...
|- |- |- Config 147 is running...
|- |- |- Config 154 is running...
|- |- `- Config 161 is running...
|- |- Current dir: /home/ysxiao/irace/experiments/crace-2.11/acotsp/numC/para8_numC1/exp-07
|- |- |- Config 2 is running...
|- |- |- Config 3 is running...
|- |- |- Config 4 is running...
|- |- |- Config 5 is running...
|- |- |- Config 12 is running...
|- |- |- Config 16 is running...
|- |- |- Config 18 is running...
|- |- |- Config 23 is running...
|- |- |- Config 31 is running...
|- |- |- Config 41 is running...
|- |- |- Config 43 is running...
|- |- |- Config 44 is running...
|- |- |- Config 54 is running...
|- |- |- Config 61 is running...
|- |- |- Config 62 is running...
|- |- |- Config 68 is running...
|- |- |- Config 74 is running...
|- |- |- Config 77 is running...
|- |- |- Config 78 is running...
|- |- |- Config 85 is running...
|- |- |- Config 88 is running...
|- |- `- Config 102 is running...
|- |- Current dir: /home/ysxiao/irace/experiments/crace-2.11/acotsp/numC/para8_numC1/exp-08
|- |- |- Config 2 is running...
|- |- |- Config 6 is running...
|- |- |- Config 8 is running...
|- |- |- Config 17 is running...
|- |- |- Config 21 is running...
|- |- |- Config 22 is running...
|- |- |- Config 32 is running...
|- |- |- Config 34 is running...
|- |- |- Config 36 is running...
|- |- |- Config 42 is running...
|- |- |- Config 47 is running...
|- |- |- Config 78 is running...
|- |- |- Config 102 is running...
|- |- |- Config 108 is running...
|- |- |- Config 131 is running...
|- |- |- Config 156 is running...
|- |- `- Config 215 is running...
|- |- Current dir: /home/ysxiao/irace/experiments/crace-2.11/acotsp/numC/para8_numC1/exp-09
|- |- |- Config 2 is running...
|- |- |- Config 5 is running...
|- |- |- Config 12 is running...
|- |- |- Config 25 is running...
|- |- |- Config 34 is running...
|- |- |- Config 41 is running...
|- |- |- Config 47 is running...
|- |- |- Config 55 is running...
|- |- |- Config 85 is running...
|- |- |- Config 102 is running...
|- |- |- Config 130 is running...
|- |- |- Config 132 is running...
|- |- |- Config 136 is running...
|- |- |- Config 150 is running...
|- |- |- Config 155 is running...
|- |- |- Config 164 is running...
|- |- |- Config 175 is running...
|- |- `- Config 189 is running...
|- |- Current dir: /home/ysxiao/irace/experiments/crace-2.11/acotsp/numC/para8_numC1/exp-10
|- |- |- Config 2 is running...
|- |- |- Config 5 is running...
|- |- |- Config 6 is running...
|- |- |- Config 19 is running...
|- |- |- Config 25 is running...
|- |- |- Config 37 is running...
|- |- |- Config 38 is running...
|- |- |- Config 40 is running...
|- |- |- Config 49 is running...
|- |- |- Config 56 is running...
|- |- |- Config 57 is running...
|- |- |- Config 66 is running...
|- |- |- Config 70 is running...
|- |- |- Config 78 is running...
|- |- |- Config 81 is running...
|- |- |- Config 102 is running...
|- |- |- Config 137 is running...
|- |- |- Config 141 is running...
|- |- |- Config 144 is running...
|- |- `- Config 150 is running...
`- `- `-  experiments finished running...
|- elites_on_instances is succeed 
---------------------------------------------------------------------------------------------------------
